{"/Users/aqassab/perso/helali/Backend-Hlali-main/Utils/sendMailer.js": {"path":"/Users/aqassab/perso/helali/Backend-Hlali-main/Utils/sendMailer.js","statementMap":{"0":{"start":{"line":1,"column":19},"end":{"line":1,"column":40}},"1":{"start":{"line":2,"column":17},"end":{"line":2,"column":47}},"2":{"start":{"line":3,"column":15},"end":{"line":3,"column":39}},"3":{"start":{"line":6,"column":0},"end":{"line":27,"column":2}},"4":{"start":{"line":8,"column":15},"end":{"line":8,"column":21}},"5":{"start":{"line":9,"column":22},"end":{"line":15,"column":4}},"6":{"start":{"line":17,"column":20},"end":{"line":23,"column":4}},"7":{"start":{"line":25,"column":13},"end":{"line":25,"column":74}},"8":{"start":{"line":26,"column":2},"end":{"line":26,"column":19}}},"fnMap":{"0":{"name":"(anonymous_0)","decl":{"start":{"line":6,"column":17},"end":{"line":6,"column":18}},"loc":{"start":{"line":6,"column":34},"end":{"line":27,"column":1}},"line":6}},"branchMap":{},"s":{"0":1,"1":1,"2":1,"3":1,"4":0,"5":0,"6":0,"7":0,"8":0},"f":{"0":0},"b":{},"_coverageSchema":"1a1c01bbd47fc00a2c39e90264f33305004495a9","hash":"82c002c28b5f7e4bbbff05cc3650785c5543d55c"}
,"/Users/aqassab/perso/helali/Backend-Hlali-main/controllers/transactionController.js": {"path":"/Users/aqassab/perso/helali/Backend-Hlali-main/controllers/transactionController.js","statementMap":{"0":{"start":{"line":1,"column":21},"end":{"line":1,"column":53}},"1":{"start":{"line":2,"column":14},"end":{"line":2,"column":45}},"2":{"start":{"line":3,"column":13},"end":{"line":3,"column":43}},"3":{"start":{"line":4,"column":20},"end":{"line":4,"column":57}},"4":{"start":{"line":5,"column":13},"end":{"line":5,"column":33}},"5":{"start":{"line":9,"column":23},"end":{"line":17,"column":2}},"6":{"start":{"line":10,"column":2},"end":{"line":16,"column":3}},"7":{"start":{"line":11,"column":24},"end":{"line":11,"column":48}},"8":{"start":{"line":12,"column":4},"end":{"line":12,"column":38}},"9":{"start":{"line":14,"column":4},"end":{"line":14,"column":33}},"10":{"start":{"line":15,"column":4},"end":{"line":15,"column":51}},"11":{"start":{"line":22,"column":23},"end":{"line":52,"column":2}},"12":{"start":{"line":23,"column":2},"end":{"line":51,"column":3}},"13":{"start":{"line":24,"column":41},"end":{"line":24,"column":49}},"14":{"start":{"line":26,"column":4},"end":{"line":29,"column":5}},"15":{"start":{"line":27,"column":6},"end":{"line":27,"column":22}},"16":{"start":{"line":28,"column":6},"end":{"line":28,"column":60}},"17":{"start":{"line":31,"column":4},"end":{"line":34,"column":6}},"18":{"start":{"line":36,"column":4},"end":{"line":39,"column":6}},"19":{"start":{"line":41,"column":24},"end":{"line":45,"column":6}},"20":{"start":{"line":47,"column":4},"end":{"line":47,"column":38}},"21":{"start":{"line":49,"column":4},"end":{"line":49,"column":33}},"22":{"start":{"line":50,"column":4},"end":{"line":50,"column":51}},"23":{"start":{"line":54,"column":28},"end":{"line":82,"column":2}},"24":{"start":{"line":55,"column":2},"end":{"line":81,"column":3}},"25":{"start":{"line":56,"column":15},"end":{"line":56,"column":28}},"26":{"start":{"line":57,"column":33},"end":{"line":57,"column":41}},"27":{"start":{"line":59,"column":4},"end":{"line":62,"column":5}},"28":{"start":{"line":60,"column":6},"end":{"line":60,"column":22}},"29":{"start":{"line":61,"column":6},"end":{"line":61,"column":60}},"30":{"start":{"line":66,"column":4},"end":{"line":75,"column":6}},"31":{"start":{"line":77,"column":4},"end":{"line":77,"column":46}},"32":{"start":{"line":79,"column":4},"end":{"line":79,"column":33}},"33":{"start":{"line":80,"column":4},"end":{"line":80,"column":51}},"34":{"start":{"line":84,"column":15},"end":{"line":84,"column":17}},"35":{"start":{"line":87,"column":28},"end":{"line":114,"column":1}},"36":{"start":{"line":88,"column":2},"end":{"line":113,"column":3}},"37":{"start":{"line":89,"column":4},"end":{"line":89,"column":50}},"38":{"start":{"line":90,"column":24},"end":{"line":90,"column":57}},"39":{"start":{"line":91,"column":4},"end":{"line":93,"column":5}},"40":{"start":{"line":92,"column":6},"end":{"line":92,"column":25}},"41":{"start":{"line":95,"column":19},"end":{"line":107,"column":6}},"42":{"start":{"line":96,"column":6},"end":{"line":106,"column":7}},"43":{"start":{"line":97,"column":36},"end":{"line":101,"column":9}},"44":{"start":{"line":103,"column":8},"end":{"line":103,"column":72}},"45":{"start":{"line":105,"column":8},"end":{"line":105,"column":37}},"46":{"start":{"line":110,"column":4},"end":{"line":110,"column":45}},"47":{"start":{"line":112,"column":4},"end":{"line":112,"column":33}},"48":{"start":{"line":117,"column":19},"end":{"line":139,"column":2}},"49":{"start":{"line":118,"column":2},"end":{"line":138,"column":3}},"50":{"start":{"line":119,"column":15},"end":{"line":119,"column":28}},"51":{"start":{"line":120,"column":28},"end":{"line":120,"column":36}},"52":{"start":{"line":121,"column":21},"end":{"line":121,"column":32}},"53":{"start":{"line":122,"column":4},"end":{"line":125,"column":5}},"54":{"start":{"line":123,"column":6},"end":{"line":123,"column":22}},"55":{"start":{"line":124,"column":6},"end":{"line":124,"column":71}},"56":{"start":{"line":127,"column":4},"end":{"line":130,"column":5}},"57":{"start":{"line":128,"column":6},"end":{"line":128,"column":22}},"58":{"start":{"line":129,"column":6},"end":{"line":129,"column":70}},"59":{"start":{"line":132,"column":4},"end":{"line":132,"column":57}},"60":{"start":{"line":134,"column":4},"end":{"line":134,"column":78}},"61":{"start":{"line":136,"column":4},"end":{"line":136,"column":33}},"62":{"start":{"line":137,"column":4},"end":{"line":137,"column":51}},"63":{"start":{"line":142,"column":0},"end":{"line":148,"column":2}}},"fnMap":{"0":{"name":"(anonymous_0)","decl":{"start":{"line":9,"column":36},"end":{"line":9,"column":37}},"loc":{"start":{"line":9,"column":56},"end":{"line":17,"column":1}},"line":9},"1":{"name":"(anonymous_1)","decl":{"start":{"line":22,"column":36},"end":{"line":22,"column":37}},"loc":{"start":{"line":22,"column":56},"end":{"line":52,"column":1}},"line":22},"2":{"name":"(anonymous_2)","decl":{"start":{"line":54,"column":41},"end":{"line":54,"column":42}},"loc":{"start":{"line":54,"column":61},"end":{"line":82,"column":1}},"line":54},"3":{"name":"(anonymous_3)","decl":{"start":{"line":87,"column":28},"end":{"line":87,"column":29}},"loc":{"start":{"line":87,"column":70},"end":{"line":114,"column":1}},"line":87},"4":{"name":"(anonymous_4)","decl":{"start":{"line":95,"column":51},"end":{"line":95,"column":52}},"loc":{"start":{"line":95,"column":63},"end":{"line":107,"column":5}},"line":95},"5":{"name":"(anonymous_5)","decl":{"start":{"line":117,"column":32},"end":{"line":117,"column":33}},"loc":{"start":{"line":117,"column":52},"end":{"line":139,"column":1}},"line":117}},"branchMap":{"0":{"loc":{"start":{"line":26,"column":4},"end":{"line":29,"column":5}},"type":"if","locations":[{"start":{"line":26,"column":4},"end":{"line":29,"column":5}},{"start":{},"end":{}}],"line":26},"1":{"loc":{"start":{"line":26,"column":8},"end":{"line":26,"column":39}},"type":"binary-expr","locations":[{"start":{"line":26,"column":8},"end":{"line":26,"column":15}},{"start":{"line":26,"column":19},"end":{"line":26,"column":28}},{"start":{"line":26,"column":32},"end":{"line":26,"column":39}}],"line":26},"2":{"loc":{"start":{"line":59,"column":4},"end":{"line":62,"column":5}},"type":"if","locations":[{"start":{"line":59,"column":4},"end":{"line":62,"column":5}},{"start":{},"end":{}}],"line":59},"3":{"loc":{"start":{"line":59,"column":8},"end":{"line":59,"column":31}},"type":"binary-expr","locations":[{"start":{"line":59,"column":8},"end":{"line":59,"column":15}},{"start":{"line":59,"column":19},"end":{"line":59,"column":24}},{"start":{"line":59,"column":28},"end":{"line":59,"column":31}}],"line":59},"4":{"loc":{"start":{"line":70,"column":26},"end":{"line":70,"column":70}},"type":"cond-expr","locations":[{"start":{"line":70,"column":54},"end":{"line":70,"column":61}},{"start":{"line":70,"column":64},"end":{"line":70,"column":70}}],"line":70},"5":{"loc":{"start":{"line":71,"column":25},"end":{"line":71,"column":69}},"type":"cond-expr","locations":[{"start":{"line":71,"column":53},"end":{"line":71,"column":59}},{"start":{"line":71,"column":62},"end":{"line":71,"column":69}}],"line":71},"6":{"loc":{"start":{"line":91,"column":4},"end":{"line":93,"column":5}},"type":"if","locations":[{"start":{"line":91,"column":4},"end":{"line":93,"column":5}},{"start":{},"end":{}}],"line":91},"7":{"loc":{"start":{"line":122,"column":4},"end":{"line":125,"column":5}},"type":"if","locations":[{"start":{"line":122,"column":4},"end":{"line":125,"column":5}},{"start":{},"end":{}}],"line":122},"8":{"loc":{"start":{"line":122,"column":8},"end":{"line":122,"column":23}},"type":"binary-expr","locations":[{"start":{"line":122,"column":8},"end":{"line":122,"column":15}},{"start":{"line":122,"column":19},"end":{"line":122,"column":23}}],"line":122},"9":{"loc":{"start":{"line":127,"column":4},"end":{"line":130,"column":5}},"type":"if","locations":[{"start":{"line":127,"column":4},"end":{"line":130,"column":5}},{"start":{},"end":{}}],"line":127},"10":{"loc":{"start":{"line":127,"column":8},"end":{"line":127,"column":27}},"type":"binary-expr","locations":[{"start":{"line":127,"column":8},"end":{"line":127,"column":15}},{"start":{"line":127,"column":19},"end":{"line":127,"column":27}}],"line":127}},"s":{"0":1,"1":1,"2":1,"3":1,"4":1,"5":1,"6":0,"7":0,"8":0,"9":0,"10":0,"11":1,"12":0,"13":0,"14":0,"15":0,"16":0,"17":0,"18":0,"19":0,"20":0,"21":0,"22":0,"23":1,"24":0,"25":0,"26":0,"27":0,"28":0,"29":0,"30":0,"31":0,"32":0,"33":0,"34":1,"35":1,"36":1,"37":1,"38":1,"39":1,"40":0,"41":1,"42":1,"43":1,"44":1,"45":0,"46":1,"47":0,"48":1,"49":1,"50":1,"51":1,"52":1,"53":1,"54":0,"55":0,"56":1,"57":0,"58":0,"59":1,"60":1,"61":0,"62":0,"63":1},"f":{"0":0,"1":0,"2":0,"3":1,"4":1,"5":1},"b":{"0":[0,0],"1":[0,0,0],"2":[0,0],"3":[0,0,0],"4":[0,0],"5":[0,0],"6":[0,1],"7":[0,1],"8":[1,1],"9":[0,1],"10":[1,1]},"_coverageSchema":"1a1c01bbd47fc00a2c39e90264f33305004495a9","hash":"67bf65ace1f37da54551d7e12bec8aa2ec57aaa9"}
,"/Users/aqassab/perso/helali/Backend-Hlali-main/controllers/userController.js": {"path":"/Users/aqassab/perso/helali/Backend-Hlali-main/controllers/userController.js","statementMap":{"0":{"start":{"line":1,"column":12},"end":{"line":1,"column":35}},"1":{"start":{"line":2,"column":15},"end":{"line":2,"column":34}},"2":{"start":{"line":3,"column":21},"end":{"line":3,"column":53}},"3":{"start":{"line":4,"column":13},"end":{"line":4,"column":43}},"4":{"start":{"line":5,"column":18},"end":{"line":5,"column":48}},"5":{"start":{"line":6,"column":19},"end":{"line":6,"column":50}},"6":{"start":{"line":11,"column":16},"end":{"line":19,"column":2}},"7":{"start":{"line":12,"column":2},"end":{"line":18,"column":3}},"8":{"start":{"line":13,"column":18},"end":{"line":13,"column":76}},"9":{"start":{"line":14,"column":4},"end":{"line":14,"column":32}},"10":{"start":{"line":16,"column":4},"end":{"line":16,"column":33}},"11":{"start":{"line":17,"column":4},"end":{"line":17,"column":51}},"12":{"start":{"line":24,"column":21},"end":{"line":69,"column":2}},"13":{"start":{"line":25,"column":2},"end":{"line":68,"column":3}},"14":{"start":{"line":26,"column":52},"end":{"line":26,"column":60}},"15":{"start":{"line":28,"column":4},"end":{"line":31,"column":5}},"16":{"start":{"line":29,"column":6},"end":{"line":29,"column":22}},"17":{"start":{"line":30,"column":6},"end":{"line":30,"column":47}},"18":{"start":{"line":34,"column":23},"end":{"line":34,"column":52}},"19":{"start":{"line":36,"column":4},"end":{"line":39,"column":5}},"20":{"start":{"line":37,"column":6},"end":{"line":37,"column":22}},"21":{"start":{"line":38,"column":6},"end":{"line":38,"column":45}},"22":{"start":{"line":42,"column":17},"end":{"line":42,"column":41}},"23":{"start":{"line":43,"column":27},"end":{"line":43,"column":60}},"24":{"start":{"line":46,"column":17},"end":{"line":52,"column":6}},"25":{"start":{"line":54,"column":4},"end":{"line":64,"column":5}},"26":{"start":{"line":55,"column":6},"end":{"line":60,"column":9}},"27":{"start":{"line":62,"column":6},"end":{"line":62,"column":22}},"28":{"start":{"line":63,"column":6},"end":{"line":63,"column":43}},"29":{"start":{"line":66,"column":4},"end":{"line":66,"column":33}},"30":{"start":{"line":67,"column":4},"end":{"line":67,"column":51}},"31":{"start":{"line":74,"column":18},"end":{"line":96,"column":2}},"32":{"start":{"line":75,"column":2},"end":{"line":95,"column":3}},"33":{"start":{"line":76,"column":32},"end":{"line":76,"column":40}},"34":{"start":{"line":79,"column":17},"end":{"line":79,"column":46}},"35":{"start":{"line":81,"column":4},"end":{"line":91,"column":5}},"36":{"start":{"line":82,"column":6},"end":{"line":87,"column":9}},"37":{"start":{"line":89,"column":6},"end":{"line":89,"column":22}},"38":{"start":{"line":90,"column":6},"end":{"line":90,"column":45}},"39":{"start":{"line":93,"column":4},"end":{"line":93,"column":33}},"40":{"start":{"line":94,"column":4},"end":{"line":94,"column":51}},"41":{"start":{"line":101,"column":19},"end":{"line":149,"column":2}},"42":{"start":{"line":102,"column":2},"end":{"line":148,"column":3}},"43":{"start":{"line":103,"column":63},"end":{"line":103,"column":71}},"44":{"start":{"line":105,"column":17},"end":{"line":105,"column":51}},"45":{"start":{"line":107,"column":4},"end":{"line":110,"column":5}},"46":{"start":{"line":108,"column":6},"end":{"line":108,"column":22}},"47":{"start":{"line":109,"column":6},"end":{"line":109,"column":40}},"48":{"start":{"line":113,"column":4},"end":{"line":116,"column":5}},"49":{"start":{"line":114,"column":6},"end":{"line":114,"column":22}},"50":{"start":{"line":115,"column":6},"end":{"line":115,"column":40}},"51":{"start":{"line":124,"column":21},"end":{"line":124,"column":42}},"52":{"start":{"line":125,"column":21},"end":{"line":125,"column":75}},"53":{"start":{"line":127,"column":24},"end":{"line":142,"column":5}},"54":{"start":{"line":144,"column":4},"end":{"line":144,"column":38}},"55":{"start":{"line":146,"column":4},"end":{"line":146,"column":33}},"56":{"start":{"line":147,"column":4},"end":{"line":147,"column":51}},"57":{"start":{"line":154,"column":19},"end":{"line":168,"column":2}},"58":{"start":{"line":155,"column":2},"end":{"line":167,"column":3}},"59":{"start":{"line":156,"column":17},"end":{"line":156,"column":51}},"60":{"start":{"line":158,"column":4},"end":{"line":161,"column":5}},"61":{"start":{"line":159,"column":6},"end":{"line":159,"column":22}},"62":{"start":{"line":160,"column":6},"end":{"line":160,"column":40}},"63":{"start":{"line":162,"column":4},"end":{"line":162,"column":42}},"64":{"start":{"line":163,"column":4},"end":{"line":163,"column":48}},"65":{"start":{"line":165,"column":4},"end":{"line":165,"column":33}},"66":{"start":{"line":166,"column":4},"end":{"line":166,"column":51}},"67":{"start":{"line":173,"column":17},"end":{"line":190,"column":2}},"68":{"start":{"line":174,"column":2},"end":{"line":189,"column":3}},"69":{"start":{"line":175,"column":22},"end":{"line":175,"column":30}},"70":{"start":{"line":178,"column":17},"end":{"line":178,"column":46}},"71":{"start":{"line":179,"column":4},"end":{"line":183,"column":5}},"72":{"start":{"line":180,"column":19},"end":{"line":180,"column":41}},"73":{"start":{"line":182,"column":6},"end":{"line":182,"column":48}},"74":{"start":{"line":185,"column":4},"end":{"line":185,"column":37}},"75":{"start":{"line":187,"column":4},"end":{"line":187,"column":33}},"76":{"start":{"line":188,"column":4},"end":{"line":188,"column":51}},"77":{"start":{"line":192,"column":19},"end":{"line":210,"column":2}},"78":{"start":{"line":193,"column":2},"end":{"line":209,"column":3}},"79":{"start":{"line":194,"column":22},"end":{"line":194,"column":30}},"80":{"start":{"line":197,"column":15},"end":{"line":197,"column":44}},"81":{"start":{"line":198,"column":15},"end":{"line":198,"column":24}},"82":{"start":{"line":199,"column":4},"end":{"line":203,"column":5}},"83":{"start":{"line":200,"column":6},"end":{"line":200,"column":35}},"84":{"start":{"line":202,"column":6},"end":{"line":202,"column":32}},"85":{"start":{"line":205,"column":4},"end":{"line":205,"column":26}},"86":{"start":{"line":207,"column":4},"end":{"line":207,"column":33}},"87":{"start":{"line":208,"column":4},"end":{"line":208,"column":51}},"88":{"start":{"line":212,"column":16},"end":{"line":234,"column":2}},"89":{"start":{"line":213,"column":2},"end":{"line":233,"column":3}},"90":{"start":{"line":214,"column":32},"end":{"line":214,"column":40}},"91":{"start":{"line":217,"column":15},"end":{"line":217,"column":44}},"92":{"start":{"line":218,"column":4},"end":{"line":220,"column":5}},"93":{"start":{"line":219,"column":6},"end":{"line":219,"column":48}},"94":{"start":{"line":221,"column":4},"end":{"line":223,"column":5}},"95":{"start":{"line":222,"column":6},"end":{"line":222,"column":50}},"96":{"start":{"line":225,"column":22},"end":{"line":225,"column":51}},"97":{"start":{"line":226,"column":4},"end":{"line":228,"column":7}},"98":{"start":{"line":229,"column":4},"end":{"line":229,"column":34}},"99":{"start":{"line":231,"column":4},"end":{"line":231,"column":33}},"100":{"start":{"line":232,"column":4},"end":{"line":232,"column":51}},"101":{"start":{"line":239,"column":14},"end":{"line":251,"column":2}},"102":{"start":{"line":240,"column":2},"end":{"line":250,"column":3}},"103":{"start":{"line":241,"column":15},"end":{"line":241,"column":26}},"104":{"start":{"line":243,"column":17},"end":{"line":243,"column":25}},"105":{"start":{"line":244,"column":21},"end":{"line":244,"column":59}},"106":{"start":{"line":245,"column":4},"end":{"line":245,"column":28}},"107":{"start":{"line":246,"column":4},"end":{"line":246,"column":70}},"108":{"start":{"line":248,"column":4},"end":{"line":248,"column":33}},"109":{"start":{"line":249,"column":4},"end":{"line":249,"column":51}},"110":{"start":{"line":254,"column":22},"end":{"line":258,"column":1}},"111":{"start":{"line":255,"column":2},"end":{"line":257,"column":5}},"112":{"start":{"line":260,"column":0},"end":{"line":270,"column":2}}},"fnMap":{"0":{"name":"(anonymous_0)","decl":{"start":{"line":11,"column":29},"end":{"line":11,"column":30}},"loc":{"start":{"line":11,"column":49},"end":{"line":19,"column":1}},"line":11},"1":{"name":"(anonymous_1)","decl":{"start":{"line":24,"column":34},"end":{"line":24,"column":35}},"loc":{"start":{"line":24,"column":54},"end":{"line":69,"column":1}},"line":24},"2":{"name":"(anonymous_2)","decl":{"start":{"line":74,"column":31},"end":{"line":74,"column":32}},"loc":{"start":{"line":74,"column":51},"end":{"line":96,"column":1}},"line":74},"3":{"name":"(anonymous_3)","decl":{"start":{"line":101,"column":32},"end":{"line":101,"column":33}},"loc":{"start":{"line":101,"column":52},"end":{"line":149,"column":1}},"line":101},"4":{"name":"(anonymous_4)","decl":{"start":{"line":154,"column":32},"end":{"line":154,"column":33}},"loc":{"start":{"line":154,"column":52},"end":{"line":168,"column":1}},"line":154},"5":{"name":"(anonymous_5)","decl":{"start":{"line":173,"column":30},"end":{"line":173,"column":31}},"loc":{"start":{"line":173,"column":50},"end":{"line":190,"column":1}},"line":173},"6":{"name":"(anonymous_6)","decl":{"start":{"line":192,"column":32},"end":{"line":192,"column":33}},"loc":{"start":{"line":192,"column":52},"end":{"line":210,"column":1}},"line":192},"7":{"name":"(anonymous_7)","decl":{"start":{"line":212,"column":29},"end":{"line":212,"column":30}},"loc":{"start":{"line":212,"column":49},"end":{"line":234,"column":1}},"line":212},"8":{"name":"(anonymous_8)","decl":{"start":{"line":239,"column":27},"end":{"line":239,"column":28}},"loc":{"start":{"line":239,"column":47},"end":{"line":251,"column":1}},"line":239},"9":{"name":"(anonymous_9)","decl":{"start":{"line":254,"column":22},"end":{"line":254,"column":23}},"loc":{"start":{"line":254,"column":30},"end":{"line":258,"column":1}},"line":254}},"branchMap":{"0":{"loc":{"start":{"line":28,"column":4},"end":{"line":31,"column":5}},"type":"if","locations":[{"start":{"line":28,"column":4},"end":{"line":31,"column":5}},{"start":{},"end":{}}],"line":28},"1":{"loc":{"start":{"line":28,"column":8},"end":{"line":28,"column":36}},"type":"binary-expr","locations":[{"start":{"line":28,"column":8},"end":{"line":28,"column":13}},{"start":{"line":28,"column":17},"end":{"line":28,"column":23}},{"start":{"line":28,"column":27},"end":{"line":28,"column":36}}],"line":28},"2":{"loc":{"start":{"line":36,"column":4},"end":{"line":39,"column":5}},"type":"if","locations":[{"start":{"line":36,"column":4},"end":{"line":39,"column":5}},{"start":{},"end":{}}],"line":36},"3":{"loc":{"start":{"line":54,"column":4},"end":{"line":64,"column":5}},"type":"if","locations":[{"start":{"line":54,"column":4},"end":{"line":64,"column":5}},{"start":{"line":61,"column":11},"end":{"line":64,"column":5}}],"line":54},"4":{"loc":{"start":{"line":81,"column":4},"end":{"line":91,"column":5}},"type":"if","locations":[{"start":{"line":81,"column":4},"end":{"line":91,"column":5}},{"start":{"line":88,"column":11},"end":{"line":91,"column":5}}],"line":81},"5":{"loc":{"start":{"line":81,"column":8},"end":{"line":81,"column":63}},"type":"binary-expr","locations":[{"start":{"line":81,"column":8},"end":{"line":81,"column":12}},{"start":{"line":81,"column":17},"end":{"line":81,"column":62}}],"line":81},"6":{"loc":{"start":{"line":107,"column":4},"end":{"line":110,"column":5}},"type":"if","locations":[{"start":{"line":107,"column":4},"end":{"line":110,"column":5}},{"start":{},"end":{}}],"line":107},"7":{"loc":{"start":{"line":113,"column":4},"end":{"line":116,"column":5}},"type":"if","locations":[{"start":{"line":113,"column":4},"end":{"line":116,"column":5}},{"start":{},"end":{}}],"line":113},"8":{"loc":{"start":{"line":158,"column":4},"end":{"line":161,"column":5}},"type":"if","locations":[{"start":{"line":158,"column":4},"end":{"line":161,"column":5}},{"start":{},"end":{}}],"line":158},"9":{"loc":{"start":{"line":179,"column":4},"end":{"line":183,"column":5}},"type":"if","locations":[{"start":{"line":179,"column":4},"end":{"line":183,"column":5}},{"start":{"line":181,"column":11},"end":{"line":183,"column":5}}],"line":179},"10":{"loc":{"start":{"line":199,"column":4},"end":{"line":203,"column":5}},"type":"if","locations":[{"start":{"line":199,"column":4},"end":{"line":203,"column":5}},{"start":{"line":201,"column":11},"end":{"line":203,"column":5}}],"line":199},"11":{"loc":{"start":{"line":218,"column":4},"end":{"line":220,"column":5}},"type":"if","locations":[{"start":{"line":218,"column":4},"end":{"line":220,"column":5}},{"start":{},"end":{}}],"line":218},"12":{"loc":{"start":{"line":221,"column":4},"end":{"line":223,"column":5}},"type":"if","locations":[{"start":{"line":221,"column":4},"end":{"line":223,"column":5}},{"start":{},"end":{}}],"line":221}},"s":{"0":1,"1":1,"2":1,"3":1,"4":1,"5":1,"6":1,"7":0,"8":0,"9":0,"10":0,"11":0,"12":1,"13":4,"14":4,"15":4,"16":1,"17":1,"18":3,"19":3,"20":1,"21":1,"22":2,"23":2,"24":2,"25":1,"26":1,"27":0,"28":0,"29":3,"30":3,"31":1,"32":3,"33":3,"34":3,"35":2,"36":1,"37":1,"38":1,"39":2,"40":2,"41":1,"42":0,"43":0,"44":0,"45":0,"46":0,"47":0,"48":0,"49":0,"50":0,"51":0,"52":0,"53":0,"54":0,"55":0,"56":0,"57":1,"58":0,"59":0,"60":0,"61":0,"62":0,"63":0,"64":0,"65":0,"66":0,"67":1,"68":0,"69":0,"70":0,"71":0,"72":0,"73":0,"74":0,"75":0,"76":0,"77":1,"78":0,"79":0,"80":0,"81":0,"82":0,"83":0,"84":0,"85":0,"86":0,"87":0,"88":1,"89":0,"90":0,"91":0,"92":0,"93":0,"94":0,"95":0,"96":0,"97":0,"98":0,"99":0,"100":0,"101":1,"102":0,"103":0,"104":0,"105":0,"106":0,"107":0,"108":0,"109":0,"110":1,"111":2,"112":1},"f":{"0":0,"1":4,"2":3,"3":0,"4":0,"5":0,"6":0,"7":0,"8":0,"9":2},"b":{"0":[1,3],"1":[4,4,3],"2":[1,2],"3":[1,0],"4":[1,1],"5":[2,1],"6":[0,0],"7":[0,0],"8":[0,0],"9":[0,0],"10":[0,0],"11":[0,0],"12":[0,0]},"_coverageSchema":"1a1c01bbd47fc00a2c39e90264f33305004495a9","hash":"8b741582251422c859f1bf1099d704f0fb4bb8f2"}
,"/Users/aqassab/perso/helali/Backend-Hlali-main/models/childModel.js": {"path":"/Users/aqassab/perso/helali/Backend-Hlali-main/models/childModel.js","statementMap":{"0":{"start":{"line":1,"column":17},"end":{"line":1,"column":36}},"1":{"start":{"line":3,"column":20},"end":{"line":38,"column":1}},"2":{"start":{"line":40,"column":0},"end":{"line":40,"column":54}}},"fnMap":{},"branchMap":{},"s":{"0":1,"1":1,"2":1},"f":{},"b":{},"_coverageSchema":"1a1c01bbd47fc00a2c39e90264f33305004495a9","hash":"a3fa5b477fa003f73b333893ccc7214b5188b856"}
,"/Users/aqassab/perso/helali/Backend-Hlali-main/models/goalModel.js": {"path":"/Users/aqassab/perso/helali/Backend-Hlali-main/models/goalModel.js","statementMap":{"0":{"start":{"line":1,"column":17},"end":{"line":1,"column":36}},"1":{"start":{"line":3,"column":19},"end":{"line":24,"column":1}},"2":{"start":{"line":26,"column":0},"end":{"line":26,"column":52}}},"fnMap":{},"branchMap":{},"s":{"0":1,"1":1,"2":1},"f":{},"b":{},"_coverageSchema":"1a1c01bbd47fc00a2c39e90264f33305004495a9","hash":"37602915baa534dab085b6bba199df947e08452b"}
,"/Users/aqassab/perso/helali/Backend-Hlali-main/models/transactionModel.js": {"path":"/Users/aqassab/perso/helali/Backend-Hlali-main/models/transactionModel.js","statementMap":{"0":{"start":{"line":1,"column":17},"end":{"line":1,"column":36}},"1":{"start":{"line":3,"column":26},"end":{"line":21,"column":1}},"2":{"start":{"line":23,"column":0},"end":{"line":23,"column":66}}},"fnMap":{},"branchMap":{},"s":{"0":1,"1":1,"2":1},"f":{},"b":{},"_coverageSchema":"1a1c01bbd47fc00a2c39e90264f33305004495a9","hash":"6a4bd10eb3468586494c710f8606301c3a0cb000"}
,"/Users/aqassab/perso/helali/Backend-Hlali-main/models/userModel.js": {"path":"/Users/aqassab/perso/helali/Backend-Hlali-main/models/userModel.js","statementMap":{"0":{"start":{"line":1,"column":17},"end":{"line":1,"column":36}},"1":{"start":{"line":3,"column":19},"end":{"line":40,"column":1}},"2":{"start":{"line":42,"column":0},"end":{"line":42,"column":52}}},"fnMap":{},"branchMap":{},"s":{"0":1,"1":1,"2":1},"f":{},"b":{},"_coverageSchema":"1a1c01bbd47fc00a2c39e90264f33305004495a9","hash":"b18faf42c92001867683c4f0eab41d7ffbda98e5"}
}
