{"/Users/aqassab/perso/helali/Backend-Hlali-main/Utils/sendMailer.js": {"path":"/Users/aqassab/perso/helali/Backend-Hlali-main/Utils/sendMailer.js","statementMap":{"0":{"start":{"line":1,"column":19},"end":{"line":1,"column":40}},"1":{"start":{"line":2,"column":14},"end":{"line":2,"column":44}},"2":{"start":{"line":3,"column":15},"end":{"line":3,"column":39}},"3":{"start":{"line":6,"column":0},"end":{"line":27,"column":2}},"4":{"start":{"line":8,"column":15},"end":{"line":8,"column":21}},"5":{"start":{"line":9,"column":22},"end":{"line":15,"column":4}},"6":{"start":{"line":17,"column":20},"end":{"line":23,"column":4}},"7":{"start":{"line":25,"column":13},"end":{"line":25,"column":74}},"8":{"start":{"line":26,"column":2},"end":{"line":26,"column":19}}},"fnMap":{"0":{"name":"(anonymous_0)","decl":{"start":{"line":6,"column":17},"end":{"line":6,"column":18}},"loc":{"start":{"line":6,"column":34},"end":{"line":27,"column":1}},"line":6}},"branchMap":{},"s":{"0":1,"1":1,"2":1,"3":1,"4":1,"5":1,"6":1,"7":1,"8":1},"f":{"0":1},"b":{},"_coverageSchema":"1a1c01bbd47fc00a2c39e90264f33305004495a9","hash":"6b0b7959c832c8a5138ebea0dbe4d2e23215f78f"}
,"/Users/aqassab/perso/helali/Backend-Hlali-main/controllers/requestTaskController.js": {"path":"/Users/aqassab/perso/helali/Backend-Hlali-main/controllers/requestTaskController.js","statementMap":{"0":{"start":{"line":1,"column":21},"end":{"line":1,"column":53}},"1":{"start":{"line":2,"column":14},"end":{"line":2,"column":45}},"2":{"start":{"line":3,"column":20},"end":{"line":3,"column":52}},"3":{"start":{"line":4,"column":13},"end":{"line":4,"column":43}},"4":{"start":{"line":5,"column":13},"end":{"line":5,"column":43}},"5":{"start":{"line":6,"column":13},"end":{"line":6,"column":51}},"6":{"start":{"line":9,"column":26},"end":{"line":15,"column":1}},"7":{"start":{"line":12,"column":2},"end":{"line":14,"column":4}},"8":{"start":{"line":16,"column":26},"end":{"line":18,"column":1}},"9":{"start":{"line":17,"column":2},"end":{"line":17,"column":34}},"10":{"start":{"line":24,"column":23},"end":{"line":40,"column":2}},"11":{"start":{"line":25,"column":2},"end":{"line":39,"column":3}},"12":{"start":{"line":26,"column":25},"end":{"line":34,"column":6}},"13":{"start":{"line":35,"column":4},"end":{"line":35,"column":39}},"14":{"start":{"line":37,"column":4},"end":{"line":37,"column":33}},"15":{"start":{"line":38,"column":4},"end":{"line":38,"column":51}},"16":{"start":{"line":45,"column":23},"end":{"line":81,"column":2}},"17":{"start":{"line":46,"column":2},"end":{"line":80,"column":3}},"18":{"start":{"line":47,"column":63},"end":{"line":47,"column":71}},"19":{"start":{"line":49,"column":4},"end":{"line":52,"column":5}},"20":{"start":{"line":50,"column":6},"end":{"line":50,"column":22}},"21":{"start":{"line":51,"column":6},"end":{"line":51,"column":60}},"22":{"start":{"line":54,"column":21},"end":{"line":54,"column":50}},"23":{"start":{"line":55,"column":25},"end":{"line":62,"column":6}},"24":{"start":{"line":63,"column":17},"end":{"line":63,"column":60}},"25":{"start":{"line":64,"column":4},"end":{"line":68,"column":7}},"26":{"start":{"line":69,"column":18},"end":{"line":71,"column":6}},"27":{"start":{"line":72,"column":17},"end":{"line":74,"column":6}},"28":{"start":{"line":76,"column":4},"end":{"line":76,"column":39}},"29":{"start":{"line":78,"column":4},"end":{"line":78,"column":33}},"30":{"start":{"line":79,"column":4},"end":{"line":79,"column":51}},"31":{"start":{"line":86,"column":26},"end":{"line":106,"column":2}},"32":{"start":{"line":87,"column":2},"end":{"line":105,"column":3}},"33":{"start":{"line":88,"column":25},"end":{"line":88,"column":66}},"34":{"start":{"line":90,"column":4},"end":{"line":93,"column":5}},"35":{"start":{"line":91,"column":6},"end":{"line":91,"column":22}},"36":{"start":{"line":92,"column":6},"end":{"line":92,"column":47}},"37":{"start":{"line":95,"column":31},"end":{"line":99,"column":5}},"38":{"start":{"line":101,"column":4},"end":{"line":101,"column":45}},"39":{"start":{"line":103,"column":4},"end":{"line":103,"column":33}},"40":{"start":{"line":104,"column":4},"end":{"line":104,"column":51}},"41":{"start":{"line":108,"column":27},"end":{"line":144,"column":2}},"42":{"start":{"line":109,"column":2},"end":{"line":143,"column":3}},"43":{"start":{"line":110,"column":25},"end":{"line":110,"column":66}},"44":{"start":{"line":112,"column":4},"end":{"line":115,"column":5}},"45":{"start":{"line":113,"column":6},"end":{"line":113,"column":22}},"46":{"start":{"line":114,"column":6},"end":{"line":114,"column":47}},"47":{"start":{"line":117,"column":63},"end":{"line":117,"column":75}},"48":{"start":{"line":118,"column":20},"end":{"line":118,"column":49}},"49":{"start":{"line":120,"column":18},"end":{"line":128,"column":6}},"50":{"start":{"line":130,"column":18},"end":{"line":132,"column":6}},"51":{"start":{"line":133,"column":17},"end":{"line":135,"column":6}},"52":{"start":{"line":137,"column":4},"end":{"line":137,"column":55}},"53":{"start":{"line":139,"column":4},"end":{"line":139,"column":35}},"54":{"start":{"line":141,"column":4},"end":{"line":141,"column":33}},"55":{"start":{"line":142,"column":4},"end":{"line":142,"column":51}},"56":{"start":{"line":149,"column":26},"end":{"line":165,"column":2}},"57":{"start":{"line":150,"column":2},"end":{"line":164,"column":3}},"58":{"start":{"line":151,"column":25},"end":{"line":151,"column":66}},"59":{"start":{"line":153,"column":4},"end":{"line":156,"column":5}},"60":{"start":{"line":154,"column":6},"end":{"line":154,"column":22}},"61":{"start":{"line":155,"column":6},"end":{"line":155,"column":47}},"62":{"start":{"line":158,"column":4},"end":{"line":158,"column":57}},"63":{"start":{"line":160,"column":4},"end":{"line":160,"column":48}},"64":{"start":{"line":162,"column":4},"end":{"line":162,"column":33}},"65":{"start":{"line":163,"column":4},"end":{"line":163,"column":51}},"66":{"start":{"line":167,"column":0},"end":{"line":175,"column":2}}},"fnMap":{"0":{"name":"(anonymous_0)","decl":{"start":{"line":9,"column":26},"end":{"line":9,"column":27}},"loc":{"start":{"line":11,"column":6},"end":{"line":15,"column":1}},"line":11},"1":{"name":"(anonymous_1)","decl":{"start":{"line":16,"column":26},"end":{"line":16,"column":27}},"loc":{"start":{"line":16,"column":40},"end":{"line":18,"column":1}},"line":16},"2":{"name":"(anonymous_2)","decl":{"start":{"line":24,"column":36},"end":{"line":24,"column":37}},"loc":{"start":{"line":24,"column":56},"end":{"line":40,"column":1}},"line":24},"3":{"name":"(anonymous_3)","decl":{"start":{"line":45,"column":36},"end":{"line":45,"column":37}},"loc":{"start":{"line":45,"column":56},"end":{"line":81,"column":1}},"line":45},"4":{"name":"(anonymous_4)","decl":{"start":{"line":86,"column":39},"end":{"line":86,"column":40}},"loc":{"start":{"line":86,"column":59},"end":{"line":106,"column":1}},"line":86},"5":{"name":"(anonymous_5)","decl":{"start":{"line":108,"column":40},"end":{"line":108,"column":41}},"loc":{"start":{"line":108,"column":60},"end":{"line":144,"column":1}},"line":108},"6":{"name":"(anonymous_6)","decl":{"start":{"line":149,"column":39},"end":{"line":149,"column":40}},"loc":{"start":{"line":149,"column":59},"end":{"line":165,"column":1}},"line":149}},"branchMap":{"0":{"loc":{"start":{"line":49,"column":4},"end":{"line":52,"column":5}},"type":"if","locations":[{"start":{"line":49,"column":4},"end":{"line":52,"column":5}},{"start":{},"end":{}}],"line":49},"1":{"loc":{"start":{"line":49,"column":8},"end":{"line":49,"column":57}},"type":"binary-expr","locations":[{"start":{"line":49,"column":8},"end":{"line":49,"column":13}},{"start":{"line":49,"column":17},"end":{"line":49,"column":22}},{"start":{"line":49,"column":26},"end":{"line":49,"column":36}},{"start":{"line":49,"column":40},"end":{"line":49,"column":45}},{"start":{"line":49,"column":49},"end":{"line":49,"column":57}}],"line":49},"2":{"loc":{"start":{"line":63,"column":17},"end":{"line":63,"column":60}},"type":"cond-expr","locations":[{"start":{"line":63,"column":46},"end":{"line":63,"column":51}},{"start":{"line":63,"column":54},"end":{"line":63,"column":60}}],"line":63},"3":{"loc":{"start":{"line":90,"column":4},"end":{"line":93,"column":5}},"type":"if","locations":[{"start":{"line":90,"column":4},"end":{"line":93,"column":5}},{"start":{},"end":{}}],"line":90},"4":{"loc":{"start":{"line":112,"column":4},"end":{"line":115,"column":5}},"type":"if","locations":[{"start":{"line":112,"column":4},"end":{"line":115,"column":5}},{"start":{},"end":{}}],"line":112},"5":{"loc":{"start":{"line":153,"column":4},"end":{"line":156,"column":5}},"type":"if","locations":[{"start":{"line":153,"column":4},"end":{"line":156,"column":5}},{"start":{},"end":{}}],"line":153}},"s":{"0":3,"1":3,"2":3,"3":3,"4":3,"5":3,"6":3,"7":0,"8":3,"9":0,"10":3,"11":1,"12":1,"13":1,"14":0,"15":0,"16":3,"17":0,"18":0,"19":0,"20":0,"21":0,"22":0,"23":0,"24":0,"25":0,"26":0,"27":0,"28":0,"29":0,"30":0,"31":3,"32":0,"33":0,"34":0,"35":0,"36":0,"37":0,"38":0,"39":0,"40":0,"41":3,"42":0,"43":0,"44":0,"45":0,"46":0,"47":0,"48":0,"49":0,"50":0,"51":0,"52":0,"53":0,"54":0,"55":0,"56":3,"57":0,"58":0,"59":0,"60":0,"61":0,"62":0,"63":0,"64":0,"65":0,"66":3},"f":{"0":0,"1":0,"2":1,"3":0,"4":0,"5":0,"6":0},"b":{"0":[0,0],"1":[0,0,0,0,0],"2":[0,0],"3":[0,0],"4":[0,0],"5":[0,0]},"_coverageSchema":"1a1c01bbd47fc00a2c39e90264f33305004495a9","hash":"cb8078b8c822034175dcbf70e2c69ff3bf6f4b97"}
,"/Users/aqassab/perso/helali/Backend-Hlali-main/controllers/transactionController.js": {"path":"/Users/aqassab/perso/helali/Backend-Hlali-main/controllers/transactionController.js","statementMap":{"0":{"start":{"line":1,"column":21},"end":{"line":1,"column":53}},"1":{"start":{"line":2,"column":14},"end":{"line":2,"column":45}},"2":{"start":{"line":3,"column":13},"end":{"line":3,"column":43}},"3":{"start":{"line":4,"column":20},"end":{"line":4,"column":57}},"4":{"start":{"line":5,"column":13},"end":{"line":5,"column":33}},"5":{"start":{"line":6,"column":30},"end":{"line":6,"column":64}},"6":{"start":{"line":10,"column":23},"end":{"line":18,"column":2}},"7":{"start":{"line":11,"column":2},"end":{"line":17,"column":3}},"8":{"start":{"line":12,"column":24},"end":{"line":12,"column":48}},"9":{"start":{"line":13,"column":4},"end":{"line":13,"column":38}},"10":{"start":{"line":15,"column":4},"end":{"line":15,"column":33}},"11":{"start":{"line":16,"column":4},"end":{"line":16,"column":51}},"12":{"start":{"line":23,"column":23},"end":{"line":58,"column":2}},"13":{"start":{"line":24,"column":2},"end":{"line":57,"column":3}},"14":{"start":{"line":25,"column":41},"end":{"line":25,"column":49}},"15":{"start":{"line":27,"column":4},"end":{"line":30,"column":5}},"16":{"start":{"line":28,"column":6},"end":{"line":28,"column":22}},"17":{"start":{"line":29,"column":6},"end":{"line":29,"column":60}},"18":{"start":{"line":32,"column":4},"end":{"line":35,"column":6}},"19":{"start":{"line":37,"column":4},"end":{"line":40,"column":6}},"20":{"start":{"line":41,"column":17},"end":{"line":41,"column":45}},"21":{"start":{"line":42,"column":4},"end":{"line":46,"column":7}},"22":{"start":{"line":47,"column":24},"end":{"line":51,"column":6}},"23":{"start":{"line":53,"column":4},"end":{"line":53,"column":38}},"24":{"start":{"line":55,"column":4},"end":{"line":55,"column":33}},"25":{"start":{"line":56,"column":4},"end":{"line":56,"column":51}},"26":{"start":{"line":60,"column":28},"end":{"line":88,"column":2}},"27":{"start":{"line":61,"column":2},"end":{"line":87,"column":3}},"28":{"start":{"line":62,"column":15},"end":{"line":62,"column":28}},"29":{"start":{"line":63,"column":33},"end":{"line":63,"column":41}},"30":{"start":{"line":65,"column":4},"end":{"line":68,"column":5}},"31":{"start":{"line":66,"column":6},"end":{"line":66,"column":22}},"32":{"start":{"line":67,"column":6},"end":{"line":67,"column":60}},"33":{"start":{"line":72,"column":4},"end":{"line":81,"column":6}},"34":{"start":{"line":83,"column":4},"end":{"line":83,"column":46}},"35":{"start":{"line":85,"column":4},"end":{"line":85,"column":33}},"36":{"start":{"line":86,"column":4},"end":{"line":86,"column":51}},"37":{"start":{"line":90,"column":15},"end":{"line":90,"column":17}},"38":{"start":{"line":93,"column":28},"end":{"line":120,"column":1}},"39":{"start":{"line":94,"column":2},"end":{"line":119,"column":3}},"40":{"start":{"line":95,"column":4},"end":{"line":95,"column":50}},"41":{"start":{"line":96,"column":24},"end":{"line":96,"column":57}},"42":{"start":{"line":97,"column":4},"end":{"line":99,"column":5}},"43":{"start":{"line":98,"column":6},"end":{"line":98,"column":25}},"44":{"start":{"line":101,"column":19},"end":{"line":113,"column":6}},"45":{"start":{"line":102,"column":6},"end":{"line":112,"column":7}},"46":{"start":{"line":103,"column":36},"end":{"line":107,"column":9}},"47":{"start":{"line":109,"column":8},"end":{"line":109,"column":72}},"48":{"start":{"line":111,"column":8},"end":{"line":111,"column":37}},"49":{"start":{"line":116,"column":4},"end":{"line":116,"column":45}},"50":{"start":{"line":118,"column":4},"end":{"line":118,"column":33}},"51":{"start":{"line":123,"column":19},"end":{"line":145,"column":2}},"52":{"start":{"line":124,"column":2},"end":{"line":144,"column":3}},"53":{"start":{"line":125,"column":15},"end":{"line":125,"column":28}},"54":{"start":{"line":126,"column":28},"end":{"line":126,"column":36}},"55":{"start":{"line":127,"column":21},"end":{"line":127,"column":32}},"56":{"start":{"line":128,"column":4},"end":{"line":131,"column":5}},"57":{"start":{"line":129,"column":6},"end":{"line":129,"column":22}},"58":{"start":{"line":130,"column":6},"end":{"line":130,"column":71}},"59":{"start":{"line":133,"column":4},"end":{"line":136,"column":5}},"60":{"start":{"line":134,"column":6},"end":{"line":134,"column":22}},"61":{"start":{"line":135,"column":6},"end":{"line":135,"column":70}},"62":{"start":{"line":138,"column":4},"end":{"line":138,"column":57}},"63":{"start":{"line":140,"column":4},"end":{"line":140,"column":78}},"64":{"start":{"line":142,"column":4},"end":{"line":142,"column":33}},"65":{"start":{"line":143,"column":4},"end":{"line":143,"column":51}},"66":{"start":{"line":148,"column":0},"end":{"line":154,"column":2}}},"fnMap":{"0":{"name":"(anonymous_0)","decl":{"start":{"line":10,"column":36},"end":{"line":10,"column":37}},"loc":{"start":{"line":10,"column":56},"end":{"line":18,"column":1}},"line":10},"1":{"name":"(anonymous_1)","decl":{"start":{"line":23,"column":36},"end":{"line":23,"column":37}},"loc":{"start":{"line":23,"column":56},"end":{"line":58,"column":1}},"line":23},"2":{"name":"(anonymous_2)","decl":{"start":{"line":60,"column":41},"end":{"line":60,"column":42}},"loc":{"start":{"line":60,"column":61},"end":{"line":88,"column":1}},"line":60},"3":{"name":"(anonymous_3)","decl":{"start":{"line":93,"column":28},"end":{"line":93,"column":29}},"loc":{"start":{"line":93,"column":70},"end":{"line":120,"column":1}},"line":93},"4":{"name":"(anonymous_4)","decl":{"start":{"line":101,"column":51},"end":{"line":101,"column":52}},"loc":{"start":{"line":101,"column":63},"end":{"line":113,"column":5}},"line":101},"5":{"name":"(anonymous_5)","decl":{"start":{"line":123,"column":32},"end":{"line":123,"column":33}},"loc":{"start":{"line":123,"column":52},"end":{"line":145,"column":1}},"line":123}},"branchMap":{"0":{"loc":{"start":{"line":27,"column":4},"end":{"line":30,"column":5}},"type":"if","locations":[{"start":{"line":27,"column":4},"end":{"line":30,"column":5}},{"start":{},"end":{}}],"line":27},"1":{"loc":{"start":{"line":27,"column":8},"end":{"line":27,"column":39}},"type":"binary-expr","locations":[{"start":{"line":27,"column":8},"end":{"line":27,"column":15}},{"start":{"line":27,"column":19},"end":{"line":27,"column":28}},{"start":{"line":27,"column":32},"end":{"line":27,"column":39}}],"line":27},"2":{"loc":{"start":{"line":65,"column":4},"end":{"line":68,"column":5}},"type":"if","locations":[{"start":{"line":65,"column":4},"end":{"line":68,"column":5}},{"start":{},"end":{}}],"line":65},"3":{"loc":{"start":{"line":65,"column":8},"end":{"line":65,"column":31}},"type":"binary-expr","locations":[{"start":{"line":65,"column":8},"end":{"line":65,"column":15}},{"start":{"line":65,"column":19},"end":{"line":65,"column":24}},{"start":{"line":65,"column":28},"end":{"line":65,"column":31}}],"line":65},"4":{"loc":{"start":{"line":76,"column":26},"end":{"line":76,"column":70}},"type":"cond-expr","locations":[{"start":{"line":76,"column":54},"end":{"line":76,"column":61}},{"start":{"line":76,"column":64},"end":{"line":76,"column":70}}],"line":76},"5":{"loc":{"start":{"line":77,"column":25},"end":{"line":77,"column":69}},"type":"cond-expr","locations":[{"start":{"line":77,"column":53},"end":{"line":77,"column":59}},{"start":{"line":77,"column":62},"end":{"line":77,"column":69}}],"line":77},"6":{"loc":{"start":{"line":97,"column":4},"end":{"line":99,"column":5}},"type":"if","locations":[{"start":{"line":97,"column":4},"end":{"line":99,"column":5}},{"start":{},"end":{}}],"line":97},"7":{"loc":{"start":{"line":128,"column":4},"end":{"line":131,"column":5}},"type":"if","locations":[{"start":{"line":128,"column":4},"end":{"line":131,"column":5}},{"start":{},"end":{}}],"line":128},"8":{"loc":{"start":{"line":128,"column":8},"end":{"line":128,"column":23}},"type":"binary-expr","locations":[{"start":{"line":128,"column":8},"end":{"line":128,"column":15}},{"start":{"line":128,"column":19},"end":{"line":128,"column":23}}],"line":128},"9":{"loc":{"start":{"line":133,"column":4},"end":{"line":136,"column":5}},"type":"if","locations":[{"start":{"line":133,"column":4},"end":{"line":136,"column":5}},{"start":{},"end":{}}],"line":133},"10":{"loc":{"start":{"line":133,"column":8},"end":{"line":133,"column":27}},"type":"binary-expr","locations":[{"start":{"line":133,"column":8},"end":{"line":133,"column":15}},{"start":{"line":133,"column":19},"end":{"line":133,"column":27}}],"line":133}},"s":{"0":2,"1":2,"2":2,"3":2,"4":2,"5":2,"6":2,"7":2,"8":2,"9":1,"10":1,"11":1,"12":2,"13":3,"14":3,"15":3,"16":1,"17":1,"18":2,"19":1,"20":1,"21":1,"22":1,"23":1,"24":2,"25":2,"26":2,"27":0,"28":0,"29":0,"30":0,"31":0,"32":0,"33":0,"34":0,"35":0,"36":0,"37":2,"38":2,"39":1,"40":1,"41":1,"42":1,"43":0,"44":1,"45":1,"46":1,"47":1,"48":0,"49":1,"50":0,"51":2,"52":1,"53":1,"54":1,"55":1,"56":1,"57":0,"58":0,"59":1,"60":0,"61":0,"62":1,"63":1,"64":0,"65":0,"66":2},"f":{"0":2,"1":3,"2":0,"3":1,"4":1,"5":1},"b":{"0":[1,2],"1":[3,3,2],"2":[0,0],"3":[0,0,0],"4":[0,0],"5":[0,0],"6":[0,1],"7":[0,1],"8":[1,1],"9":[0,1],"10":[1,1]},"_coverageSchema":"1a1c01bbd47fc00a2c39e90264f33305004495a9","hash":"0cf03e85fde2f9446b12a653b9c2b99147663489"}
,"/Users/aqassab/perso/helali/Backend-Hlali-main/controllers/userController.js": {"path":"/Users/aqassab/perso/helali/Backend-Hlali-main/controllers/userController.js","statementMap":{"0":{"start":{"line":1,"column":12},"end":{"line":1,"column":35}},"1":{"start":{"line":2,"column":15},"end":{"line":2,"column":34}},"2":{"start":{"line":3,"column":21},"end":{"line":3,"column":53}},"3":{"start":{"line":4,"column":13},"end":{"line":4,"column":43}},"4":{"start":{"line":5,"column":18},"end":{"line":5,"column":48}},"5":{"start":{"line":6,"column":19},"end":{"line":6,"column":50}},"6":{"start":{"line":11,"column":16},"end":{"line":19,"column":2}},"7":{"start":{"line":12,"column":2},"end":{"line":18,"column":3}},"8":{"start":{"line":13,"column":18},"end":{"line":13,"column":76}},"9":{"start":{"line":14,"column":4},"end":{"line":14,"column":32}},"10":{"start":{"line":16,"column":4},"end":{"line":16,"column":33}},"11":{"start":{"line":17,"column":4},"end":{"line":17,"column":51}},"12":{"start":{"line":24,"column":21},"end":{"line":69,"column":2}},"13":{"start":{"line":25,"column":2},"end":{"line":68,"column":3}},"14":{"start":{"line":26,"column":52},"end":{"line":26,"column":60}},"15":{"start":{"line":28,"column":4},"end":{"line":31,"column":5}},"16":{"start":{"line":29,"column":6},"end":{"line":29,"column":22}},"17":{"start":{"line":30,"column":6},"end":{"line":30,"column":47}},"18":{"start":{"line":34,"column":23},"end":{"line":34,"column":52}},"19":{"start":{"line":36,"column":4},"end":{"line":39,"column":5}},"20":{"start":{"line":37,"column":6},"end":{"line":37,"column":22}},"21":{"start":{"line":38,"column":6},"end":{"line":38,"column":45}},"22":{"start":{"line":42,"column":17},"end":{"line":42,"column":41}},"23":{"start":{"line":43,"column":27},"end":{"line":43,"column":60}},"24":{"start":{"line":46,"column":17},"end":{"line":52,"column":6}},"25":{"start":{"line":54,"column":4},"end":{"line":64,"column":5}},"26":{"start":{"line":55,"column":6},"end":{"line":60,"column":9}},"27":{"start":{"line":62,"column":6},"end":{"line":62,"column":22}},"28":{"start":{"line":63,"column":6},"end":{"line":63,"column":43}},"29":{"start":{"line":66,"column":4},"end":{"line":66,"column":33}},"30":{"start":{"line":67,"column":4},"end":{"line":67,"column":51}},"31":{"start":{"line":74,"column":18},"end":{"line":96,"column":2}},"32":{"start":{"line":75,"column":2},"end":{"line":95,"column":3}},"33":{"start":{"line":76,"column":32},"end":{"line":76,"column":40}},"34":{"start":{"line":79,"column":17},"end":{"line":79,"column":46}},"35":{"start":{"line":81,"column":4},"end":{"line":91,"column":5}},"36":{"start":{"line":82,"column":6},"end":{"line":87,"column":9}},"37":{"start":{"line":89,"column":6},"end":{"line":89,"column":22}},"38":{"start":{"line":90,"column":6},"end":{"line":90,"column":45}},"39":{"start":{"line":93,"column":4},"end":{"line":93,"column":33}},"40":{"start":{"line":94,"column":4},"end":{"line":94,"column":51}},"41":{"start":{"line":105,"column":19},"end":{"line":119,"column":2}},"42":{"start":{"line":106,"column":2},"end":{"line":118,"column":3}},"43":{"start":{"line":107,"column":17},"end":{"line":107,"column":51}},"44":{"start":{"line":109,"column":4},"end":{"line":112,"column":5}},"45":{"start":{"line":110,"column":6},"end":{"line":110,"column":22}},"46":{"start":{"line":111,"column":6},"end":{"line":111,"column":40}},"47":{"start":{"line":113,"column":4},"end":{"line":113,"column":42}},"48":{"start":{"line":114,"column":4},"end":{"line":114,"column":48}},"49":{"start":{"line":116,"column":4},"end":{"line":116,"column":33}},"50":{"start":{"line":117,"column":4},"end":{"line":117,"column":51}},"51":{"start":{"line":124,"column":17},"end":{"line":141,"column":2}},"52":{"start":{"line":125,"column":2},"end":{"line":140,"column":3}},"53":{"start":{"line":126,"column":22},"end":{"line":126,"column":30}},"54":{"start":{"line":129,"column":17},"end":{"line":129,"column":46}},"55":{"start":{"line":130,"column":4},"end":{"line":134,"column":5}},"56":{"start":{"line":131,"column":19},"end":{"line":131,"column":41}},"57":{"start":{"line":133,"column":6},"end":{"line":133,"column":48}},"58":{"start":{"line":136,"column":4},"end":{"line":136,"column":37}},"59":{"start":{"line":138,"column":4},"end":{"line":138,"column":33}},"60":{"start":{"line":139,"column":4},"end":{"line":139,"column":51}},"61":{"start":{"line":143,"column":19},"end":{"line":161,"column":2}},"62":{"start":{"line":144,"column":2},"end":{"line":160,"column":3}},"63":{"start":{"line":145,"column":22},"end":{"line":145,"column":30}},"64":{"start":{"line":148,"column":15},"end":{"line":148,"column":44}},"65":{"start":{"line":149,"column":15},"end":{"line":149,"column":24}},"66":{"start":{"line":150,"column":4},"end":{"line":154,"column":5}},"67":{"start":{"line":151,"column":6},"end":{"line":151,"column":35}},"68":{"start":{"line":153,"column":6},"end":{"line":153,"column":32}},"69":{"start":{"line":156,"column":4},"end":{"line":156,"column":26}},"70":{"start":{"line":158,"column":4},"end":{"line":158,"column":33}},"71":{"start":{"line":159,"column":4},"end":{"line":159,"column":51}},"72":{"start":{"line":163,"column":16},"end":{"line":185,"column":2}},"73":{"start":{"line":164,"column":2},"end":{"line":184,"column":3}},"74":{"start":{"line":165,"column":32},"end":{"line":165,"column":40}},"75":{"start":{"line":168,"column":15},"end":{"line":168,"column":44}},"76":{"start":{"line":169,"column":4},"end":{"line":171,"column":5}},"77":{"start":{"line":170,"column":6},"end":{"line":170,"column":48}},"78":{"start":{"line":172,"column":4},"end":{"line":174,"column":5}},"79":{"start":{"line":173,"column":6},"end":{"line":173,"column":50}},"80":{"start":{"line":176,"column":22},"end":{"line":176,"column":51}},"81":{"start":{"line":177,"column":4},"end":{"line":179,"column":7}},"82":{"start":{"line":180,"column":4},"end":{"line":180,"column":34}},"83":{"start":{"line":182,"column":4},"end":{"line":182,"column":33}},"84":{"start":{"line":183,"column":4},"end":{"line":183,"column":51}},"85":{"start":{"line":190,"column":14},"end":{"line":202,"column":2}},"86":{"start":{"line":191,"column":2},"end":{"line":201,"column":3}},"87":{"start":{"line":192,"column":15},"end":{"line":192,"column":26}},"88":{"start":{"line":194,"column":17},"end":{"line":194,"column":25}},"89":{"start":{"line":195,"column":21},"end":{"line":195,"column":59}},"90":{"start":{"line":196,"column":4},"end":{"line":196,"column":28}},"91":{"start":{"line":197,"column":4},"end":{"line":197,"column":70}},"92":{"start":{"line":199,"column":4},"end":{"line":199,"column":33}},"93":{"start":{"line":200,"column":4},"end":{"line":200,"column":51}},"94":{"start":{"line":205,"column":22},"end":{"line":209,"column":1}},"95":{"start":{"line":206,"column":2},"end":{"line":208,"column":5}},"96":{"start":{"line":211,"column":0},"end":{"line":220,"column":2}}},"fnMap":{"0":{"name":"(anonymous_0)","decl":{"start":{"line":11,"column":29},"end":{"line":11,"column":30}},"loc":{"start":{"line":11,"column":49},"end":{"line":19,"column":1}},"line":11},"1":{"name":"(anonymous_1)","decl":{"start":{"line":24,"column":34},"end":{"line":24,"column":35}},"loc":{"start":{"line":24,"column":54},"end":{"line":69,"column":1}},"line":24},"2":{"name":"(anonymous_2)","decl":{"start":{"line":74,"column":31},"end":{"line":74,"column":32}},"loc":{"start":{"line":74,"column":51},"end":{"line":96,"column":1}},"line":74},"3":{"name":"(anonymous_3)","decl":{"start":{"line":105,"column":32},"end":{"line":105,"column":33}},"loc":{"start":{"line":105,"column":52},"end":{"line":119,"column":1}},"line":105},"4":{"name":"(anonymous_4)","decl":{"start":{"line":124,"column":30},"end":{"line":124,"column":31}},"loc":{"start":{"line":124,"column":50},"end":{"line":141,"column":1}},"line":124},"5":{"name":"(anonymous_5)","decl":{"start":{"line":143,"column":32},"end":{"line":143,"column":33}},"loc":{"start":{"line":143,"column":52},"end":{"line":161,"column":1}},"line":143},"6":{"name":"(anonymous_6)","decl":{"start":{"line":163,"column":29},"end":{"line":163,"column":30}},"loc":{"start":{"line":163,"column":49},"end":{"line":185,"column":1}},"line":163},"7":{"name":"(anonymous_7)","decl":{"start":{"line":190,"column":27},"end":{"line":190,"column":28}},"loc":{"start":{"line":190,"column":47},"end":{"line":202,"column":1}},"line":190},"8":{"name":"(anonymous_8)","decl":{"start":{"line":205,"column":22},"end":{"line":205,"column":23}},"loc":{"start":{"line":205,"column":30},"end":{"line":209,"column":1}},"line":205}},"branchMap":{"0":{"loc":{"start":{"line":28,"column":4},"end":{"line":31,"column":5}},"type":"if","locations":[{"start":{"line":28,"column":4},"end":{"line":31,"column":5}},{"start":{},"end":{}}],"line":28},"1":{"loc":{"start":{"line":28,"column":8},"end":{"line":28,"column":36}},"type":"binary-expr","locations":[{"start":{"line":28,"column":8},"end":{"line":28,"column":13}},{"start":{"line":28,"column":17},"end":{"line":28,"column":23}},{"start":{"line":28,"column":27},"end":{"line":28,"column":36}}],"line":28},"2":{"loc":{"start":{"line":36,"column":4},"end":{"line":39,"column":5}},"type":"if","locations":[{"start":{"line":36,"column":4},"end":{"line":39,"column":5}},{"start":{},"end":{}}],"line":36},"3":{"loc":{"start":{"line":54,"column":4},"end":{"line":64,"column":5}},"type":"if","locations":[{"start":{"line":54,"column":4},"end":{"line":64,"column":5}},{"start":{"line":61,"column":11},"end":{"line":64,"column":5}}],"line":54},"4":{"loc":{"start":{"line":81,"column":4},"end":{"line":91,"column":5}},"type":"if","locations":[{"start":{"line":81,"column":4},"end":{"line":91,"column":5}},{"start":{"line":88,"column":11},"end":{"line":91,"column":5}}],"line":81},"5":{"loc":{"start":{"line":81,"column":8},"end":{"line":81,"column":63}},"type":"binary-expr","locations":[{"start":{"line":81,"column":8},"end":{"line":81,"column":12}},{"start":{"line":81,"column":17},"end":{"line":81,"column":62}}],"line":81},"6":{"loc":{"start":{"line":109,"column":4},"end":{"line":112,"column":5}},"type":"if","locations":[{"start":{"line":109,"column":4},"end":{"line":112,"column":5}},{"start":{},"end":{}}],"line":109},"7":{"loc":{"start":{"line":130,"column":4},"end":{"line":134,"column":5}},"type":"if","locations":[{"start":{"line":130,"column":4},"end":{"line":134,"column":5}},{"start":{"line":132,"column":11},"end":{"line":134,"column":5}}],"line":130},"8":{"loc":{"start":{"line":150,"column":4},"end":{"line":154,"column":5}},"type":"if","locations":[{"start":{"line":150,"column":4},"end":{"line":154,"column":5}},{"start":{"line":152,"column":11},"end":{"line":154,"column":5}}],"line":150},"9":{"loc":{"start":{"line":169,"column":4},"end":{"line":171,"column":5}},"type":"if","locations":[{"start":{"line":169,"column":4},"end":{"line":171,"column":5}},{"start":{},"end":{}}],"line":169},"10":{"loc":{"start":{"line":172,"column":4},"end":{"line":174,"column":5}},"type":"if","locations":[{"start":{"line":172,"column":4},"end":{"line":174,"column":5}},{"start":{},"end":{}}],"line":172}},"s":{"0":1,"1":1,"2":1,"3":1,"4":1,"5":1,"6":1,"7":1,"8":1,"9":1,"10":0,"11":0,"12":1,"13":4,"14":4,"15":4,"16":1,"17":1,"18":3,"19":3,"20":1,"21":1,"22":2,"23":2,"24":2,"25":1,"26":1,"27":0,"28":0,"29":3,"30":3,"31":1,"32":3,"33":3,"34":3,"35":2,"36":1,"37":1,"38":1,"39":2,"40":2,"41":1,"42":2,"43":2,"44":1,"45":0,"46":0,"47":1,"48":1,"49":1,"50":1,"51":1,"52":2,"53":2,"54":2,"55":1,"56":0,"57":1,"58":0,"59":1,"60":1,"61":1,"62":3,"63":3,"64":3,"65":2,"66":2,"67":1,"68":1,"69":1,"70":1,"71":1,"72":1,"73":4,"74":4,"75":4,"76":3,"77":1,"78":2,"79":1,"80":1,"81":1,"82":1,"83":1,"84":1,"85":1,"86":0,"87":0,"88":0,"89":0,"90":0,"91":0,"92":0,"93":0,"94":1,"95":2,"96":1},"f":{"0":1,"1":4,"2":3,"3":2,"4":2,"5":3,"6":4,"7":0,"8":2},"b":{"0":[1,3],"1":[4,4,3],"2":[1,2],"3":[1,0],"4":[1,1],"5":[2,1],"6":[0,1],"7":[0,1],"8":[1,1],"9":[1,2],"10":[1,1]},"_coverageSchema":"1a1c01bbd47fc00a2c39e90264f33305004495a9","hash":"848ad6c22f23e952739d5d80b8e8339100197641"}
,"/Users/aqassab/perso/helali/Backend-Hlali-main/models/childModel.js": {"path":"/Users/aqassab/perso/helali/Backend-Hlali-main/models/childModel.js","statementMap":{"0":{"start":{"line":1,"column":17},"end":{"line":1,"column":36}},"1":{"start":{"line":3,"column":20},"end":{"line":38,"column":1}},"2":{"start":{"line":40,"column":0},"end":{"line":40,"column":54}}},"fnMap":{},"branchMap":{},"s":{"0":3,"1":3,"2":3},"f":{},"b":{},"_coverageSchema":"1a1c01bbd47fc00a2c39e90264f33305004495a9","hash":"a3fa5b477fa003f73b333893ccc7214b5188b856"}
,"/Users/aqassab/perso/helali/Backend-Hlali-main/models/goalModel.js": {"path":"/Users/aqassab/perso/helali/Backend-Hlali-main/models/goalModel.js","statementMap":{"0":{"start":{"line":1,"column":17},"end":{"line":1,"column":36}},"1":{"start":{"line":3,"column":19},"end":{"line":24,"column":1}},"2":{"start":{"line":26,"column":0},"end":{"line":26,"column":52}}},"fnMap":{},"branchMap":{},"s":{"0":2,"1":2,"2":2},"f":{},"b":{},"_coverageSchema":"1a1c01bbd47fc00a2c39e90264f33305004495a9","hash":"37602915baa534dab085b6bba199df947e08452b"}
,"/Users/aqassab/perso/helali/Backend-Hlali-main/models/notificaitonModel.js": {"path":"/Users/aqassab/perso/helali/Backend-Hlali-main/models/notificaitonModel.js","statementMap":{"0":{"start":{"line":2,"column":17},"end":{"line":2,"column":36}},"1":{"start":{"line":4,"column":27},"end":{"line":20,"column":2}},"2":{"start":{"line":22,"column":21},"end":{"line":22,"column":71}},"3":{"start":{"line":24,"column":0},"end":{"line":24,"column":30}}},"fnMap":{},"branchMap":{},"s":{"0":3,"1":3,"2":3,"3":3},"f":{},"b":{},"_coverageSchema":"1a1c01bbd47fc00a2c39e90264f33305004495a9","hash":"5f9829608b03f45ece49b20c13e5fc864d90e44e"}
,"/Users/aqassab/perso/helali/Backend-Hlali-main/models/requestTask.js": {"path":"/Users/aqassab/perso/helali/Backend-Hlali-main/models/requestTask.js","statementMap":{"0":{"start":{"line":1,"column":17},"end":{"line":1,"column":36}},"1":{"start":{"line":3,"column":26},"end":{"line":31,"column":1}},"2":{"start":{"line":33,"column":0},"end":{"line":33,"column":66}}},"fnMap":{},"branchMap":{},"s":{"0":3,"1":3,"2":3},"f":{},"b":{},"_coverageSchema":"1a1c01bbd47fc00a2c39e90264f33305004495a9","hash":"680123d17b59506e63ca5a61d94379353b0e4617"}
,"/Users/aqassab/perso/helali/Backend-Hlali-main/models/taskModel.js": {"path":"/Users/aqassab/perso/helali/Backend-Hlali-main/models/taskModel.js","statementMap":{"0":{"start":{"line":1,"column":17},"end":{"line":1,"column":36}},"1":{"start":{"line":3,"column":19},"end":{"line":38,"column":1}},"2":{"start":{"line":40,"column":0},"end":{"line":40,"column":52}}},"fnMap":{},"branchMap":{},"s":{"0":3,"1":3,"2":3},"f":{},"b":{},"_coverageSchema":"1a1c01bbd47fc00a2c39e90264f33305004495a9","hash":"79d01bf7879cc906b0890e51ce363faddf6ca611"}
,"/Users/aqassab/perso/helali/Backend-Hlali-main/models/transactionModel.js": {"path":"/Users/aqassab/perso/helali/Backend-Hlali-main/models/transactionModel.js","statementMap":{"0":{"start":{"line":1,"column":17},"end":{"line":1,"column":36}},"1":{"start":{"line":3,"column":26},"end":{"line":21,"column":1}},"2":{"start":{"line":23,"column":0},"end":{"line":23,"column":66}}},"fnMap":{},"branchMap":{},"s":{"0":2,"1":2,"2":2},"f":{},"b":{},"_coverageSchema":"1a1c01bbd47fc00a2c39e90264f33305004495a9","hash":"6a4bd10eb3468586494c710f8606301c3a0cb000"}
,"/Users/aqassab/perso/helali/Backend-Hlali-main/models/userModel.js": {"path":"/Users/aqassab/perso/helali/Backend-Hlali-main/models/userModel.js","statementMap":{"0":{"start":{"line":1,"column":17},"end":{"line":1,"column":36}},"1":{"start":{"line":3,"column":19},"end":{"line":40,"column":1}},"2":{"start":{"line":42,"column":0},"end":{"line":42,"column":52}}},"fnMap":{},"branchMap":{},"s":{"0":4,"1":4,"2":4},"f":{},"b":{},"_coverageSchema":"1a1c01bbd47fc00a2c39e90264f33305004495a9","hash":"b18faf42c92001867683c4f0eab41d7ffbda98e5"}
}
