TN:
SF:Utils/sendMailer.js
FN:6,(anonymous_0)
FNF:1
FNH:0
FNDA:0,(anonymous_0)
DA:1,1
DA:2,1
DA:3,1
DA:6,1
DA:8,0
DA:9,0
DA:17,0
DA:25,0
DA:26,0
LF:9
LH:4
BRF:0
BRH:0
end_of_record
TN:
SF:controllers/transactionController.js
FN:9,(anonymous_0)
FN:22,(anonymous_1)
FN:54,(anonymous_2)
FN:87,(anonymous_3)
FN:95,(anonymous_4)
FN:117,(anonymous_5)
FNF:6
FNH:3
FNDA:0,(anonymous_0)
FNDA:0,(anonymous_1)
FNDA:0,(anonymous_2)
FNDA:1,(anonymous_3)
FNDA:1,(anonymous_4)
FNDA:1,(anonymous_5)
DA:1,1
DA:2,1
DA:3,1
DA:4,1
DA:5,1
DA:9,1
DA:10,0
DA:11,0
DA:12,0
DA:14,0
DA:15,0
DA:22,1
DA:23,0
DA:24,0
DA:26,0
DA:27,0
DA:28,0
DA:31,0
DA:36,0
DA:41,0
DA:47,0
DA:49,0
DA:50,0
DA:54,1
DA:55,0
DA:56,0
DA:57,0
DA:59,0
DA:60,0
DA:61,0
DA:66,0
DA:77,0
DA:79,0
DA:80,0
DA:84,1
DA:87,1
DA:88,1
DA:89,1
DA:90,1
DA:91,1
DA:92,0
DA:95,1
DA:96,1
DA:97,1
DA:103,1
DA:105,0
DA:110,1
DA:112,0
DA:117,1
DA:118,1
DA:119,1
DA:120,1
DA:121,1
DA:122,1
DA:123,0
DA:124,0
DA:127,1
DA:128,0
DA:129,0
DA:132,1
DA:134,1
DA:136,0
DA:137,0
DA:142,1
LF:64
LH:29
BRDA:26,0,0,0
BRDA:26,0,1,0
BRDA:26,1,0,0
BRDA:26,1,1,0
BRDA:26,1,2,0
BRDA:59,2,0,0
BRDA:59,2,1,0
BRDA:59,3,0,0
BRDA:59,3,1,0
BRDA:59,3,2,0
BRDA:70,4,0,0
BRDA:70,4,1,0
BRDA:71,5,0,0
BRDA:71,5,1,0
BRDA:91,6,0,0
BRDA:91,6,1,1
BRDA:122,7,0,0
BRDA:122,7,1,1
BRDA:122,8,0,1
BRDA:122,8,1,1
BRDA:127,9,0,0
BRDA:127,9,1,1
BRDA:127,10,0,1
BRDA:127,10,1,1
BRF:24
BRH:7
end_of_record
TN:
SF:controllers/userController.js
FN:11,(anonymous_0)
FN:24,(anonymous_1)
FN:74,(anonymous_2)
FN:101,(anonymous_3)
FN:154,(anonymous_4)
FN:173,(anonymous_5)
FN:192,(anonymous_6)
FN:212,(anonymous_7)
FN:239,(anonymous_8)
FN:254,(anonymous_9)
FNF:10
FNH:3
FNDA:0,(anonymous_0)
FNDA:4,(anonymous_1)
FNDA:3,(anonymous_2)
FNDA:0,(anonymous_3)
FNDA:0,(anonymous_4)
FNDA:0,(anonymous_5)
FNDA:0,(anonymous_6)
FNDA:0,(anonymous_7)
FNDA:0,(anonymous_8)
FNDA:2,(anonymous_9)
DA:1,1
DA:2,1
DA:3,1
DA:4,1
DA:5,1
DA:6,1
DA:11,1
DA:12,0
DA:13,0
DA:14,0
DA:16,0
DA:17,0
DA:24,1
DA:25,4
DA:26,4
DA:28,4
DA:29,1
DA:30,1
DA:34,3
DA:36,3
DA:37,1
DA:38,1
DA:42,2
DA:43,2
DA:46,2
DA:54,1
DA:55,1
DA:62,0
DA:63,0
DA:66,3
DA:67,3
DA:74,1
DA:75,3
DA:76,3
DA:79,3
DA:81,2
DA:82,1
DA:89,1
DA:90,1
DA:93,2
DA:94,2
DA:101,1
DA:102,0
DA:103,0
DA:105,0
DA:107,0
DA:108,0
DA:109,0
DA:113,0
DA:114,0
DA:115,0
DA:124,0
DA:125,0
DA:127,0
DA:144,0
DA:146,0
DA:147,0
DA:154,1
DA:155,0
DA:156,0
DA:158,0
DA:159,0
DA:160,0
DA:162,0
DA:163,0
DA:165,0
DA:166,0
DA:173,1
DA:174,0
DA:175,0
DA:178,0
DA:179,0
DA:180,0
DA:182,0
DA:185,0
DA:187,0
DA:188,0
DA:192,1
DA:193,0
DA:194,0
DA:197,0
DA:198,0
DA:199,0
DA:200,0
DA:202,0
DA:205,0
DA:207,0
DA:208,0
DA:212,1
DA:213,0
DA:214,0
DA:217,0
DA:218,0
DA:219,0
DA:221,0
DA:222,0
DA:225,0
DA:226,0
DA:229,0
DA:231,0
DA:232,0
DA:239,1
DA:240,0
DA:241,0
DA:243,0
DA:244,0
DA:245,0
DA:246,0
DA:248,0
DA:249,0
DA:254,1
DA:255,2
DA:260,1
LF:113
LH:43
BRDA:28,0,0,1
BRDA:28,0,1,3
BRDA:28,1,0,4
BRDA:28,1,1,4
BRDA:28,1,2,3
BRDA:36,2,0,1
BRDA:36,2,1,2
BRDA:54,3,0,1
BRDA:54,3,1,0
BRDA:81,4,0,1
BRDA:81,4,1,1
BRDA:81,5,0,2
BRDA:81,5,1,1
BRDA:107,6,0,0
BRDA:107,6,1,0
BRDA:113,7,0,0
BRDA:113,7,1,0
BRDA:158,8,0,0
BRDA:158,8,1,0
BRDA:179,9,0,0
BRDA:179,9,1,0
BRDA:199,10,0,0
BRDA:199,10,1,0
BRDA:218,11,0,0
BRDA:218,11,1,0
BRDA:221,12,0,0
BRDA:221,12,1,0
BRF:27
BRH:12
end_of_record
TN:
SF:models/childModel.js
FNF:0
FNH:0
DA:1,1
DA:3,1
DA:40,1
LF:3
LH:3
BRF:0
BRH:0
end_of_record
TN:
SF:models/goalModel.js
FNF:0
FNH:0
DA:1,1
DA:3,1
DA:26,1
LF:3
LH:3
BRF:0
BRH:0
end_of_record
TN:
SF:models/transactionModel.js
FNF:0
FNH:0
DA:1,1
DA:3,1
DA:23,1
LF:3
LH:3
BRF:0
BRH:0
end_of_record
TN:
SF:models/userModel.js
FNF:0
FNH:0
DA:1,1
DA:3,1
DA:42,1
LF:3
LH:3
BRF:0
BRH:0
end_of_record
