TN:
SF:Utils/sendMailer.js
FN:6,(anonymous_0)
FNF:1
FNH:1
FNDA:1,(anonymous_0)
DA:1,1
DA:2,1
DA:3,1
DA:6,1
DA:8,1
DA:9,1
DA:17,1
DA:25,1
DA:26,1
LF:9
LH:9
BRF:0
BRH:0
end_of_record
TN:
SF:controllers/requestTaskController.js
FN:9,(anonymous_0)
FN:16,(anonymous_1)
FN:24,(anonymous_2)
FN:45,(anonymous_3)
FN:86,(anonymous_4)
FN:108,(anonymous_5)
FN:149,(anonymous_6)
FNF:7
FNH:1
FNDA:0,(anonymous_0)
FNDA:0,(anonymous_1)
FNDA:1,(anonymous_2)
FNDA:0,(anonymous_3)
FNDA:0,(anonymous_4)
FNDA:0,(anonymous_5)
FNDA:0,(anonymous_6)
DA:1,3
DA:2,3
DA:3,3
DA:4,3
DA:5,3
DA:6,3
DA:9,3
DA:12,0
DA:16,3
DA:17,0
DA:24,3
DA:25,1
DA:26,1
DA:35,1
DA:37,0
DA:38,0
DA:45,3
DA:46,0
DA:47,0
DA:49,0
DA:50,0
DA:51,0
DA:54,0
DA:55,0
DA:63,0
DA:64,0
DA:69,0
DA:72,0
DA:76,0
DA:78,0
DA:79,0
DA:86,3
DA:87,0
DA:88,0
DA:90,0
DA:91,0
DA:92,0
DA:95,0
DA:101,0
DA:103,0
DA:104,0
DA:108,3
DA:109,0
DA:110,0
DA:112,0
DA:113,0
DA:114,0
DA:117,0
DA:118,0
DA:120,0
DA:130,0
DA:133,0
DA:137,0
DA:139,0
DA:141,0
DA:142,0
DA:149,3
DA:150,0
DA:151,0
DA:153,0
DA:154,0
DA:155,0
DA:158,0
DA:160,0
DA:162,0
DA:163,0
DA:167,3
LF:67
LH:17
BRDA:49,0,0,0
BRDA:49,0,1,0
BRDA:49,1,0,0
BRDA:49,1,1,0
BRDA:49,1,2,0
BRDA:49,1,3,0
BRDA:49,1,4,0
BRDA:63,2,0,0
BRDA:63,2,1,0
BRDA:90,3,0,0
BRDA:90,3,1,0
BRDA:112,4,0,0
BRDA:112,4,1,0
BRDA:153,5,0,0
BRDA:153,5,1,0
BRF:15
BRH:0
end_of_record
TN:
SF:controllers/transactionController.js
FN:10,(anonymous_0)
FN:23,(anonymous_1)
FN:60,(anonymous_2)
FN:93,(anonymous_3)
FN:101,(anonymous_4)
FN:123,(anonymous_5)
FNF:6
FNH:5
FNDA:2,(anonymous_0)
FNDA:3,(anonymous_1)
FNDA:0,(anonymous_2)
FNDA:1,(anonymous_3)
FNDA:1,(anonymous_4)
FNDA:1,(anonymous_5)
DA:1,2
DA:2,2
DA:3,2
DA:4,2
DA:5,2
DA:6,2
DA:10,2
DA:11,2
DA:12,2
DA:13,1
DA:15,1
DA:16,1
DA:23,2
DA:24,3
DA:25,3
DA:27,3
DA:28,1
DA:29,1
DA:32,2
DA:37,1
DA:41,1
DA:42,1
DA:47,1
DA:53,1
DA:55,2
DA:56,2
DA:60,2
DA:61,0
DA:62,0
DA:63,0
DA:65,0
DA:66,0
DA:67,0
DA:72,0
DA:83,0
DA:85,0
DA:86,0
DA:90,2
DA:93,2
DA:94,1
DA:95,1
DA:96,1
DA:97,1
DA:98,0
DA:101,1
DA:102,1
DA:103,1
DA:109,1
DA:111,0
DA:116,1
DA:118,0
DA:123,2
DA:124,1
DA:125,1
DA:126,1
DA:127,1
DA:128,1
DA:129,0
DA:130,0
DA:133,1
DA:134,0
DA:135,0
DA:138,1
DA:140,1
DA:142,0
DA:143,0
DA:148,2
LF:67
LH:48
BRDA:27,0,0,1
BRDA:27,0,1,2
BRDA:27,1,0,3
BRDA:27,1,1,3
BRDA:27,1,2,2
BRDA:65,2,0,0
BRDA:65,2,1,0
BRDA:65,3,0,0
BRDA:65,3,1,0
BRDA:65,3,2,0
BRDA:76,4,0,0
BRDA:76,4,1,0
BRDA:77,5,0,0
BRDA:77,5,1,0
BRDA:97,6,0,0
BRDA:97,6,1,1
BRDA:128,7,0,0
BRDA:128,7,1,1
BRDA:128,8,0,1
BRDA:128,8,1,1
BRDA:133,9,0,0
BRDA:133,9,1,1
BRDA:133,10,0,1
BRDA:133,10,1,1
BRF:24
BRH:12
end_of_record
TN:
SF:controllers/userController.js
FN:11,(anonymous_0)
FN:24,(anonymous_1)
FN:74,(anonymous_2)
FN:105,(anonymous_3)
FN:124,(anonymous_4)
FN:143,(anonymous_5)
FN:163,(anonymous_6)
FN:190,(anonymous_7)
FN:205,(anonymous_8)
FNF:9
FNH:8
FNDA:1,(anonymous_0)
FNDA:4,(anonymous_1)
FNDA:3,(anonymous_2)
FNDA:2,(anonymous_3)
FNDA:2,(anonymous_4)
FNDA:3,(anonymous_5)
FNDA:4,(anonymous_6)
FNDA:0,(anonymous_7)
FNDA:2,(anonymous_8)
DA:1,1
DA:2,1
DA:3,1
DA:4,1
DA:5,1
DA:6,1
DA:11,1
DA:12,1
DA:13,1
DA:14,1
DA:16,0
DA:17,0
DA:24,1
DA:25,4
DA:26,4
DA:28,4
DA:29,1
DA:30,1
DA:34,3
DA:36,3
DA:37,1
DA:38,1
DA:42,2
DA:43,2
DA:46,2
DA:54,1
DA:55,1
DA:62,0
DA:63,0
DA:66,3
DA:67,3
DA:74,1
DA:75,3
DA:76,3
DA:79,3
DA:81,2
DA:82,1
DA:89,1
DA:90,1
DA:93,2
DA:94,2
DA:105,1
DA:106,2
DA:107,2
DA:109,1
DA:110,0
DA:111,0
DA:113,1
DA:114,1
DA:116,1
DA:117,1
DA:124,1
DA:125,2
DA:126,2
DA:129,2
DA:130,1
DA:131,0
DA:133,1
DA:136,0
DA:138,1
DA:139,1
DA:143,1
DA:144,3
DA:145,3
DA:148,3
DA:149,2
DA:150,2
DA:151,1
DA:153,1
DA:156,1
DA:158,1
DA:159,1
DA:163,1
DA:164,4
DA:165,4
DA:168,4
DA:169,3
DA:170,1
DA:172,2
DA:173,1
DA:176,1
DA:177,1
DA:180,1
DA:182,1
DA:183,1
DA:190,1
DA:191,0
DA:192,0
DA:194,0
DA:195,0
DA:196,0
DA:197,0
DA:199,0
DA:200,0
DA:205,1
DA:206,2
DA:211,1
LF:97
LH:81
BRDA:28,0,0,1
BRDA:28,0,1,3
BRDA:28,1,0,4
BRDA:28,1,1,4
BRDA:28,1,2,3
BRDA:36,2,0,1
BRDA:36,2,1,2
BRDA:54,3,0,1
BRDA:54,3,1,0
BRDA:81,4,0,1
BRDA:81,4,1,1
BRDA:81,5,0,2
BRDA:81,5,1,1
BRDA:109,6,0,0
BRDA:109,6,1,1
BRDA:130,7,0,0
BRDA:130,7,1,1
BRDA:150,8,0,1
BRDA:150,8,1,1
BRDA:169,9,0,1
BRDA:169,9,1,2
BRDA:172,10,0,1
BRDA:172,10,1,1
BRF:23
BRH:20
end_of_record
TN:
SF:models/childModel.js
FNF:0
FNH:0
DA:1,3
DA:3,3
DA:40,3
LF:3
LH:3
BRF:0
BRH:0
end_of_record
TN:
SF:models/goalModel.js
FNF:0
FNH:0
DA:1,2
DA:3,2
DA:26,2
LF:3
LH:3
BRF:0
BRH:0
end_of_record
TN:
SF:models/notificaitonModel.js
FNF:0
FNH:0
DA:2,3
DA:4,3
DA:22,3
DA:24,3
LF:4
LH:4
BRF:0
BRH:0
end_of_record
TN:
SF:models/requestTask.js
FNF:0
FNH:0
DA:1,3
DA:3,3
DA:33,3
LF:3
LH:3
BRF:0
BRH:0
end_of_record
TN:
SF:models/taskModel.js
FNF:0
FNH:0
DA:1,3
DA:3,3
DA:40,3
LF:3
LH:3
BRF:0
BRH:0
end_of_record
TN:
SF:models/transactionModel.js
FNF:0
FNH:0
DA:1,2
DA:3,2
DA:23,2
LF:3
LH:3
BRF:0
BRH:0
end_of_record
TN:
SF:models/userModel.js
FNF:0
FNH:0
DA:1,4
DA:3,4
DA:42,4
LF:3
LH:3
BRF:0
BRH:0
end_of_record
